/home/ubuntu/project_asset_management_server/portfolio.py:46: FutureWarning: YF.download() has changed argument auto_adjust default to True
  df = yf.download(tickers, period=period, interval=interval, progress=False)
[2026-01-05 20:00:03] Fetching data...
[2026-01-05 20:00:03] Report saved to: /home/ubuntu/project_asset_management_server/reports/report_2026-01-05.txt

================================================================================
                    DAILY PORTFOLIO REPORT - 2026-01-05
================================================================================
Generated at: 2026-01-05 20:00:03

--------------------------------------------------------------------------------
                              PORTFOLIO SUMMARY
--------------------------------------------------------------------------------
Assets: SPY, TLT, GLD, VNQ
Weights: Equal Weight (25.0% each)
Period: 1 Year

PORTFOLIO METRICS:
  - Annualized Return:        20.97%
  - Annualized Volatility:    11.01%
  - Sharpe Ratio:              1.905
  - Max Drawdown:             -8.12%
  - Final Value (base 1):      1.223

--------------------------------------------------------------------------------
                              ASSET PRICES
--------------------------------------------------------------------------------
Ticker     Open (1Y ago)   Latest          Change    
--------------------------------------------------
SPY        $588.45         $687.57         +16.84%
TLT        $83.20          $87.35          +4.99%
GLD        $243.19         $408.25         +67.87%
VNQ        $84.96          $89.00          +4.75%

--------------------------------------------------------------------------------
                           INDIVIDUAL METRICS
--------------------------------------------------------------------------------
Ticker     Return       Volatility   Sharpe     Max DD    
------------------------------------------------------
GLD        +54.47%      19.97%        2.728    -10.13%
SPY        +17.63%      19.49%        0.905    -18.76%
TLT        +5.64%      11.95%        0.472    -9.23%
VNQ        +6.13%      16.94%        0.362    -14.55%

--------------------------------------------------------------------------------
                          CORRELATION MATRIX
--------------------------------------------------------------------------------
Ticker    GLD    SPY    TLT    VNQ
Ticker                            
GLD     1.000  0.035  0.038  0.111
SPY     0.035  1.000  0.103  0.640
TLT     0.038  0.103  1.000  0.344
VNQ     0.111  0.640  0.344  1.000

================================================================================
                              END OF REPORT
================================================================================

/home/ubuntu/project_asset_management_server/portfolio.py:46: FutureWarning: YF.download() has changed argument auto_adjust default to True
  df = yf.download(tickers, period=period, interval=interval, progress=False)
[2026-01-06 20:00:03] Fetching data...
[2026-01-06 20:00:03] Report saved to: /home/ubuntu/project_asset_management_server/reports/report_2026-01-06.txt

================================================================================
                    DAILY PORTFOLIO REPORT - 2026-01-06
================================================================================
Generated at: 2026-01-06 20:00:03

--------------------------------------------------------------------------------
                              PORTFOLIO SUMMARY
--------------------------------------------------------------------------------
Assets: SPY, TLT, GLD, VNQ
Weights: Equal Weight (25.0% each)
Period: 1 Year

PORTFOLIO METRICS:
  - Annualized Return:        21.27%
  - Annualized Volatility:    10.99%
  - Sharpe Ratio:              1.936
  - Max Drawdown:             -8.12%
  - Final Value (base 1):      1.228

--------------------------------------------------------------------------------
                              ASSET PRICES
--------------------------------------------------------------------------------
Ticker     Open (1Y ago)   Latest          Change    
--------------------------------------------------
SPY        $588.45         $691.85         +17.57%
TLT        $83.20          $87.17          +4.77%
GLD        $243.19         $412.03         +69.43%
VNQ        $84.96          $89.18          +4.97%

--------------------------------------------------------------------------------
                           INDIVIDUAL METRICS
--------------------------------------------------------------------------------
Ticker     Return       Volatility   Sharpe     Max DD    
------------------------------------------------------
GLD        +55.19%      19.95%        2.766    -10.13%
SPY        +18.19%      19.46%        0.935    -18.76%
TLT        +5.41%      11.94%        0.453    -9.23%
VNQ        +6.31%      16.91%        0.373    -14.55%

--------------------------------------------------------------------------------
                          CORRELATION MATRIX
--------------------------------------------------------------------------------
Ticker    GLD    SPY    TLT    VNQ
Ticker                            
GLD     1.000  0.036  0.039  0.110
SPY     0.036  1.000  0.102  0.640
TLT     0.039  0.102  1.000  0.343
VNQ     0.110  0.640  0.343  1.000

================================================================================
                              END OF REPORT
================================================================================

/home/ubuntu/project_asset_management_server/portfolio.py:46: FutureWarning: YF.download() has changed argument auto_adjust default to True
  df = yf.download(tickers, period=period, interval=interval, progress=False)
[2026-01-07 20:00:03] Fetching data...
[2026-01-07 20:00:03] Report saved to: /home/ubuntu/project_asset_management_server/reports/report_2026-01-07.txt

================================================================================
                    DAILY PORTFOLIO REPORT - 2026-01-07
================================================================================
Generated at: 2026-01-07 20:00:03

--------------------------------------------------------------------------------
                              PORTFOLIO SUMMARY
--------------------------------------------------------------------------------
Assets: SPY, TLT, GLD, VNQ
Weights: Equal Weight (25.0% each)
Period: 1 Year

PORTFOLIO METRICS:
  - Annualized Return:        22.01%
  - Annualized Volatility:    10.97%
  - Sharpe Ratio:              2.006
  - Max Drawdown:             -8.12%
  - Final Value (base 1):      1.237

--------------------------------------------------------------------------------
                              ASSET PRICES
--------------------------------------------------------------------------------
Ticker     Open (1Y ago)   Latest          Change    
--------------------------------------------------
SPY        $581.80         $691.75         +18.90%
TLT        $82.26          $87.89          +6.85%
GLD        $244.56         $409.80         +67.57%
VNQ        $84.15          $89.18          +5.98%

--------------------------------------------------------------------------------
                           INDIVIDUAL METRICS
--------------------------------------------------------------------------------
Ticker     Return       Volatility   Sharpe     Max DD    
------------------------------------------------------
GLD        +54.08%      19.99%        2.706    -10.13%
SPY        +19.31%      19.42%        0.994    -18.76%
TLT        +7.39%      11.89%        0.621    -9.23%
VNQ        +7.27%      16.89%        0.431    -14.55%

--------------------------------------------------------------------------------
                          CORRELATION MATRIX
--------------------------------------------------------------------------------
Ticker    GLD    SPY    TLT    VNQ
Ticker                            
GLD     1.000  0.038  0.038  0.112
SPY     0.038  1.000  0.097  0.639
TLT     0.038  0.097  1.000  0.338
VNQ     0.112  0.639  0.338  1.000

================================================================================
                              END OF REPORT
================================================================================

